[1109/154654.380:ERROR:directory_reader_win.cc(43)] FindFirstFile: The system cannot find the path specified. (0x3)
[1109/173439.784:ERROR:directory_reader_win.cc(43)] FindFirstFile: The system cannot find the path specified. (0x3)
[1109/173715.747:ERROR:process_reader_win.cc(151)] SuspendThread: Access is denied. (0x5)
[1109/173715.747:ERROR:process_reader_win.cc(151)] SuspendThread: Access is denied. (0x5)
[1109/174901.405:ERROR:directory_reader_win.cc(43)] FindFirstFile: The system cannot find the path specified. (0x3)
[1109/180221.278:ERROR:process_reader_win.cc(151)] SuspendThread: Access is denied. (0x5)
[1109/180221.279:ERROR:process_reader_win.cc(151)] SuspendThread: Access is denied. (0x5)
[1109/181051.597:ERROR:process_reader_win.cc(151)] SuspendThread: Access is denied. (0x5)
[1109/181051.655:ERROR:process_reader_win.cc(151)] SuspendThread: Access is denied. (0x5)
[1109/181051.655:ERROR:process_reader_win.cc(151)] SuspendThread: Access is denied. (0x5)
[1109/181051.774:ERROR:process_reader_win.cc(151)] SuspendThread: Access is denied. (0x5)
[1109/181051.774:ERROR:process_reader_win.cc(151)] SuspendThread: Access is denied. (0x5)
[1109/183548.832:ERROR:process_reader_win.cc(151)] SuspendThread: Access is denied. (0x5)
[1109/184238.490:ERROR:process_reader_win.cc(151)] SuspendThread: Access is denied. (0x5)
[1109/184238.491:ERROR:process_reader_win.cc(151)] SuspendThread: Access is denied. (0x5)
[1109/184238.826:ERROR:process_reader_win.cc(151)] SuspendThread: Access is denied. (0x5)
[1109/184238.883:ERROR:process_reader_win.cc(151)] SuspendThread: Access is denied. (0x5)
[1109/185432.358:ERROR:directory_reader_win.cc(43)] FindFirstFile: The system cannot find the path specified. (0x3)
[1109/185432.378:ERROR:filesystem_win.cc(129)] GetFileAttributes C:\Users\fenne\AppData\Local\Google\Chrome\User Data\Crashpad\attachments\13925ae3-2571-41c5-9ad6-f1cfd0c784ce: The system cannot find the path specified. (0x3)
[1109/185432.383:ERROR:filesystem_win.cc(129)] GetFileAttributes C:\Users\fenne\AppData\Local\Google\Chrome\User Data\Crashpad\attachments\b89cc958-318a-4711-8af5-5f44df94ac06: The system cannot find the path specified. (0x3)
[1109/185432.388:ERROR:filesystem_win.cc(129)] GetFileAttributes C:\Users\fenne\AppData\Local\Google\Chrome\User Data\Crashpad\attachments\e99560b2-6a6f-421e-a56e-3cecccb51d03: The system cannot find the path specified. (0x3)
[1109/185432.394:ERROR:filesystem_win.cc(129)] GetFileAttributes C:\Users\fenne\AppData\Local\Google\Chrome\User Data\Crashpad\attachments\a7d9a521-b707-4f0f-8b59-120469ef57ad: The system cannot find the path specified. (0x3)
[1109/185432.400:ERROR:filesystem_win.cc(129)] GetFileAttributes C:\Users\fenne\AppData\Local\Google\Chrome\User Data\Crashpad\attachments\3a4c22ec-2b02-4e8b-bee0-e38396070e73: The system cannot find the path specified. (0x3)
[1109/185432.405:ERROR:filesystem_win.cc(129)] GetFileAttributes C:\Users\fenne\AppData\Local\Google\Chrome\User Data\Crashpad\attachments\f2d88a90-8867-47c3-8487-879d0536fc27: The system cannot find the path specified. (0x3)
[1109/185432.410:ERROR:filesystem_win.cc(129)] GetFileAttributes C:\Users\fenne\AppData\Local\Google\Chrome\User Data\Crashpad\attachments\d4aee6f6-dfad-4396-995c-df6d9d5e302d: The system cannot find the path specified. (0x3)
[1109/185432.415:ERROR:filesystem_win.cc(129)] GetFileAttributes C:\Users\fenne\AppData\Local\Google\Chrome\User Data\Crashpad\attachments\1484f9c7-e067-4bf7-879c-e270395d8ab7: The system cannot find the path specified. (0x3)
[1109/185432.421:ERROR:filesystem_win.cc(129)] GetFileAttributes C:\Users\fenne\AppData\Local\Google\Chrome\User Data\Crashpad\attachments\29e0e8d0-eb4b-4597-be92-c5c8b4962fb0: The system cannot find the path specified. (0x3)
[1109/185432.426:ERROR:filesystem_win.cc(129)] GetFileAttributes C:\Users\fenne\AppData\Local\Google\Chrome\User Data\Crashpad\attachments\8c3a3717-5e92-4945-bcbe-a7873bfce3de: The system cannot find the path specified. (0x3)
[1109/185432.431:ERROR:filesystem_win.cc(129)] GetFileAttributes C:\Users\fenne\AppData\Local\Google\Chrome\User Data\Crashpad\attachments\95c58f3c-5154-4eff-a945-08349e1c5697: The system cannot find the path specified. (0x3)
[1109/185432.436:ERROR:filesystem_win.cc(129)] GetFileAttributes C:\Users\fenne\AppData\Local\Google\Chrome\User Data\Crashpad\attachments\afc01df9-4381-47eb-a987-c30ebda38fc8: The system cannot find the path specified. (0x3)
[1109/185432.441:ERROR:filesystem_win.cc(129)] GetFileAttributes C:\Users\fenne\AppData\Local\Google\Chrome\User Data\Crashpad\attachments\70a702e9-65a1-4f1d-b30d-71eb5a69260d: The system cannot find the path specified. (0x3)
[1109/185432.446:ERROR:filesystem_win.cc(129)] GetFileAttributes C:\Users\fenne\AppData\Local\Google\Chrome\User Data\Crashpad\attachments\906f4a86-a5ab-40ac-8c31-050b2310f470: The system cannot find the path specified. (0x3)
[1109/185432.451:ERROR:filesystem_win.cc(129)] GetFileAttributes C:\Users\fenne\AppData\Local\Google\Chrome\User Data\Crashpad\attachments\cbbeaa92-fabd-418b-8b2b-c4bfce688968: The system cannot find the path specified. (0x3)
[1109/185432.455:ERROR:filesystem_win.cc(129)] GetFileAttributes C:\Users\fenne\AppData\Local\Google\Chrome\User Data\Crashpad\attachments\3a3ad84b-d0f1-4af9-bcaf-7a72ba534b60: The system cannot find the path specified. (0x3)
[1109/185432.460:ERROR:filesystem_win.cc(129)] GetFileAttributes C:\Users\fenne\AppData\Local\Google\Chrome\User Data\Crashpad\attachments\b648dd2b-cc93-4c39-bbea-f8b85b10628a: The system cannot find the path specified. (0x3)
[1109/185432.465:ERROR:filesystem_win.cc(129)] GetFileAttributes C:\Users\fenne\AppData\Local\Google\Chrome\User Data\Crashpad\attachments\82b94804-0b1e-4a39-b7c4-8d22e49931f4: The system cannot find the path specified. (0x3)
[1109/185432.471:ERROR:filesystem_win.cc(129)] GetFileAttributes C:\Users\fenne\AppData\Local\Google\Chrome\User Data\Crashpad\attachments\7858dd2e-b4c9-4cdc-85a1-084e0d92d10b: The system cannot find the path specified. (0x3)
[1109/185432.475:ERROR:filesystem_win.cc(129)] GetFileAttributes C:\Users\fenne\AppData\Local\Google\Chrome\User Data\Crashpad\attachments\eccb5f79-90f9-42fa-9c18-389bcd8b4f73: The system cannot find the path specified. (0x3)
[1109/185432.480:ERROR:filesystem_win.cc(129)] GetFileAttributes C:\Users\fenne\AppData\Local\Google\Chrome\User Data\Crashpad\attachments\0d7a8589-aacb-49de-9ad3-4ddcafc9f88e: The system cannot find the path specified. (0x3)
[1109/185432.486:ERROR:filesystem_win.cc(129)] GetFileAttributes C:\Users\fenne\AppData\Local\Google\Chrome\User Data\Crashpad\attachments\b6233130-edad-4952-b327-baa04d7bf657: The system cannot find the path specified. (0x3)
[1109/185432.491:ERROR:filesystem_win.cc(129)] GetFileAttributes C:\Users\fenne\AppData\Local\Google\Chrome\User Data\Crashpad\attachments\4e4fa9b4-fd4f-45f2-8729-4875920c7e82: The system cannot find the path specified. (0x3)
[1109/185432.496:ERROR:filesystem_win.cc(129)] GetFileAttributes C:\Users\fenne\AppData\Local\Google\Chrome\User Data\Crashpad\attachments\bfa92506-a146-4258-85ad-e4840872917d: The system cannot find the path specified. (0x3)
[1109/185432.501:ERROR:filesystem_win.cc(129)] GetFileAttributes C:\Users\fenne\AppData\Local\Google\Chrome\User Data\Crashpad\attachments\c22ea1bf-7d39-4f8f-b47f-323a190a1307: The system cannot find the path specified. (0x3)
[1109/185432.505:ERROR:filesystem_win.cc(129)] GetFileAttributes C:\Users\fenne\AppData\Local\Google\Chrome\User Data\Crashpad\attachments\ae6f2a0f-23c7-486c-bdac-6865e7ffddd8: The system cannot find the path specified. (0x3)
[1109/185432.510:ERROR:filesystem_win.cc(129)] GetFileAttributes C:\Users\fenne\AppData\Local\Google\Chrome\User Data\Crashpad\attachments\6198292c-0916-4630-aa05-aef009f56a76: The system cannot find the path specified. (0x3)
[1109/185432.514:ERROR:filesystem_win.cc(129)] GetFileAttributes C:\Users\fenne\AppData\Local\Google\Chrome\User Data\Crashpad\attachments\524666bd-87f6-46e3-819f-c85f4be626fa: The system cannot find the path specified. (0x3)
[1109/185432.519:ERROR:filesystem_win.cc(129)] GetFileAttributes C:\Users\fenne\AppData\Local\Google\Chrome\User Data\Crashpad\attachments\18218010-719d-4010-b4a6-4016db9c1e9f: The system cannot find the path specified. (0x3)
[1109/185432.523:ERROR:filesystem_win.cc(129)] GetFileAttributes C:\Users\fenne\AppData\Local\Google\Chrome\User Data\Crashpad\attachments\267c0a4a-c38c-4d75-bd40-dfeefd474424: The system cannot find the path specified. (0x3)
[1109/185432.527:ERROR:filesystem_win.cc(129)] GetFileAttributes C:\Users\fenne\AppData\Local\Google\Chrome\User Data\Crashpad\attachments\9509a2b2-d9c1-4956-ab2c-10d3a30a3eee: The system cannot find the path specified. (0x3)
[1111/095256.713:ERROR:process_reader_win.cc(151)] SuspendThread: Access is denied. (0x5)
[1111/095256.713:ERROR:process_reader_win.cc(151)] SuspendThread: Access is denied. (0x5)
[1111/095256.713:ERROR:process_reader_win.cc(151)] SuspendThread: Access is denied. (0x5)
[1111/095256.713:ERROR:process_reader_win.cc(151)] SuspendThread: Access is denied. (0x5)
[1111/095256.713:ERROR:process_reader_win.cc(151)] SuspendThread: Access is denied. (0x5)
[1111/095256.713:ERROR:process_reader_win.cc(151)] SuspendThread: Access is denied. (0x5)
[1111/095256.714:ERROR:process_reader_win.cc(151)] SuspendThread: Access is denied. (0x5)
[1111/095256.714:ERROR:process_reader_win.cc(151)] SuspendThread: Access is denied. (0x5)
[1111/095256.714:ERROR:process_reader_win.cc(151)] SuspendThread: Access is denied. (0x5)
[1111/095258.687:ERROR:process_reader_win.cc(151)] SuspendThread: Access is denied. (0x5)
[1111/095258.688:ERROR:process_reader_win.cc(151)] SuspendThread: Access is denied. (0x5)
[1111/100438.082:ERROR:directory_reader_win.cc(43)] FindFirstFile: The system cannot find the path specified. (0x3)
[1111/100438.106:ERROR:filesystem_win.cc(129)] GetFileAttributes C:\Users\fenne\AppData\Local\Google\Chrome\User Data\Crashpad\attachments\543ea8d2-b6cb-4ffe-bab4-7d9d6d804244: The system cannot find the path specified. (0x3)
[1111/100438.106:ERROR:filesystem_win.cc(129)] GetFileAttributes C:\Users\fenne\AppData\Local\Google\Chrome\User Data\Crashpad\attachments\23af0061-fe0e-4ad5-99de-0dbdf2a8427c: The system cannot find the path specified. (0x3)
[1111/100438.114:ERROR:filesystem_win.cc(129)] GetFileAttributes C:\Users\fenne\AppData\Local\Google\Chrome\User Data\Crashpad\attachments\2f035594-4ad7-444f-bb49-492ba7a5adbc: The system cannot find the path specified. (0x3)
[1111/100438.114:ERROR:filesystem_win.cc(129)] GetFileAttributes C:\Users\fenne\AppData\Local\Google\Chrome\User Data\Crashpad\attachments\b15b1ea4-21bb-4bb2-b4fa-5576cc88c55e: The system cannot find the path specified. (0x3)
[1111/100438.122:ERROR:filesystem_win.cc(129)] GetFileAttributes C:\Users\fenne\AppData\Local\Google\Chrome\User Data\Crashpad\attachments\53f7be03-0255-4903-a010-d2673043bc5c: The system cannot find the path specified. (0x3)
[1111/100438.130:ERROR:filesystem_win.cc(129)] GetFileAttributes C:\Users\fenne\AppData\Local\Google\Chrome\User Data\Crashpad\attachments\72cacefc-0ac8-45de-a773-680c50c2e844: The system cannot find the path specified. (0x3)
[1111/100438.130:ERROR:filesystem_win.cc(129)] GetFileAttributes C:\Users\fenne\AppData\Local\Google\Chrome\User Data\Crashpad\attachments\346dede0-1746-4373-ac78-4ee4ddd9d871: The system cannot find the path specified. (0x3)
[1111/100438.138:ERROR:filesystem_win.cc(129)] GetFileAttributes C:\Users\fenne\AppData\Local\Google\Chrome\User Data\Crashpad\attachments\e96c72cc-4b52-4171-b087-df51b4036305: The system cannot find the path specified. (0x3)
[1111/100438.138:ERROR:filesystem_win.cc(129)] GetFileAttributes C:\Users\fenne\AppData\Local\Google\Chrome\User Data\Crashpad\attachments\0738ad68-e5c9-4192-8b02-cde3ab1ae86b: The system cannot find the path specified. (0x3)
[1111/100438.146:ERROR:filesystem_win.cc(129)] GetFileAttributes C:\Users\fenne\AppData\Local\Google\Chrome\User Data\Crashpad\attachments\a58cb623-2a81-412b-891e-88d03a9751df: The system cannot find the path specified. (0x3)
[1111/100438.154:ERROR:filesystem_win.cc(129)] GetFileAttributes C:\Users\fenne\AppData\Local\Google\Chrome\User Data\Crashpad\attachments\e8920aa4-80dc-4641-8070-eeafd1c87b41: The system cannot find the path specified. (0x3)
[1111/100438.154:ERROR:filesystem_win.cc(129)] GetFileAttributes C:\Users\fenne\AppData\Local\Google\Chrome\User Data\Crashpad\attachments\8f5b0c3e-d9d0-49ac-9f3b-f7bc13e3ad58: The system cannot find the path specified. (0x3)
[1111/100438.162:ERROR:filesystem_win.cc(129)] GetFileAttributes C:\Users\fenne\AppData\Local\Google\Chrome\User Data\Crashpad\attachments\82a5fd55-adf5-44e0-be5a-b53ef473ed49: The system cannot find the path specified. (0x3)
[1111/100438.162:ERROR:filesystem_win.cc(129)] GetFileAttributes C:\Users\fenne\AppData\Local\Google\Chrome\User Data\Crashpad\attachments\ab2067a4-60b2-49e1-9a1e-8546546aea15: The system cannot find the path specified. (0x3)
[1111/100438.170:ERROR:filesystem_win.cc(129)] GetFileAttributes C:\Users\fenne\AppData\Local\Google\Chrome\User Data\Crashpad\attachments\4bbd56cf-8877-4ba1-b509-acdbd2d8dab9: The system cannot find the path specified. (0x3)
[1111/100438.170:ERROR:filesystem_win.cc(129)] GetFileAttributes C:\Users\fenne\AppData\Local\Google\Chrome\User Data\Crashpad\attachments\fac63574-cc04-4b78-a28a-ea183dbd9a84: The system cannot find the path specified. (0x3)
[1111/100438.178:ERROR:filesystem_win.cc(129)] GetFileAttributes C:\Users\fenne\AppData\Local\Google\Chrome\User Data\Crashpad\attachments\6662e86e-77b7-499c-a006-657526b14fd7: The system cannot find the path specified. (0x3)
[1111/100438.186:ERROR:filesystem_win.cc(129)] GetFileAttributes C:\Users\fenne\AppData\Local\Google\Chrome\User Data\Crashpad\attachments\2a63d835-9181-4b04-924c-69807c78fd93: The system cannot find the path specified. (0x3)
[1111/100438.186:ERROR:filesystem_win.cc(129)] GetFileAttributes C:\Users\fenne\AppData\Local\Google\Chrome\User Data\Crashpad\attachments\3ccfc87e-881d-4bf3-bf36-d26ae3848064: The system cannot find the path specified. (0x3)
[1111/100438.194:ERROR:filesystem_win.cc(129)] GetFileAttributes C:\Users\fenne\AppData\Local\Google\Chrome\User Data\Crashpad\attachments\2d1e2677-c196-4600-85af-e69e2ba6173b: The system cannot find the path specified. (0x3)
[1111/100438.194:ERROR:filesystem_win.cc(129)] GetFileAttributes C:\Users\fenne\AppData\Local\Google\Chrome\User Data\Crashpad\attachments\1089ef53-f9a8-4df0-887e-b991fd37835b: The system cannot find the path specified. (0x3)
[1111/100438.202:ERROR:filesystem_win.cc(129)] GetFileAttributes C:\Users\fenne\AppData\Local\Google\Chrome\User Data\Crashpad\attachments\8a610f1b-cc99-4831-96fb-268e3b341be2: The system cannot find the path specified. (0x3)
